[debug] [2023-01-09T23:49:32.490Z] ----------------------------------------------------------------------
[debug] [2023-01-09T23:49:32.492Z] Command:       C:\Program Files\nodejs\node.exe C:\Users\joooh\AppData\Roaming\npm\node_modules\firebase-tools\lib\bin\firebase.js init
[debug] [2023-01-09T23:49:32.492Z] CLI Version:   11.20.0
[debug] [2023-01-09T23:49:32.493Z] Platform:      win32
[debug] [2023-01-09T23:49:32.493Z] Node Version:  v18.12.1
[debug] [2023-01-09T23:49:32.493Z] Time:          Mon Jan 09 2023 20:49:32 GMT-0300 (Horário Padrão da Argentina)
[debug] [2023-01-09T23:49:32.494Z] ----------------------------------------------------------------------
[debug] 
[debug] [2023-01-09T23:49:32.501Z] > command requires scopes: ["email","openid","https://www.googleapis.com/auth/cloudplatformprojects.readonly","https://www.googleapis.com/auth/firebase","https://www.googleapis.com/auth/cloud-platform"]
[debug] [2023-01-09T23:49:32.501Z] > authorizing via signed-in user (johnemcosta@gmail.com)
[info] 
     ######## #### ########  ######## ########     ###     ######  ########
     ##        ##  ##     ## ##       ##     ##  ##   ##  ##       ##
     ######    ##  ########  ######   ########  #########  ######  ######
     ##        ##  ##    ##  ##       ##     ## ##     ##       ## ##
     ##       #### ##     ## ######## ########  ##     ##  ######  ########

You're about to initialize a Firebase project in this directory:

  D:\Estudo\Python\Dahsboard de Finanças Pessoais

[info] 
=== Project Setup
[info] 
[info] First, let's associate this project directory with a Firebase project.
[info] You can create multiple project aliases by running firebase use --add, 
[info] but for now we'll just set up a default project.
[info] 
[debug] [2023-01-09T23:51:02.863Z] >>> [apiv2][query] GET https://firebase.googleapis.com/v1beta1/projects pageSize=100
[debug] [2023-01-09T23:51:03.578Z] <<< [apiv2][status] GET https://firebase.googleapis.com/v1beta1/projects 200
[debug] [2023-01-09T23:51:03.578Z] <<< [apiv2][body] GET https://firebase.googleapis.com/v1beta1/projects [omitted]
[info] i  Using project teste-90575 (Teste) 
[info] 
=== Hosting Setup
[info] 
[info] Your public directory is the folder (relative to your project directory) that
[info] will contain Hosting assets to be uploaded with firebase deploy. If you
[info] have a build process for your assets, use your build's output directory.
[info] 
